		Graph
==========================================
IO time:			0.161817
Filename:			temp_kamis_metis_1746560169.4599392
|-Nodes:			3000
|-Edges:			1798592

		Configuration
==========================================
Population size:		50
Repetitions:			50
Time limit:			1
---
KaHIP mode:			0
---
Seed:				0
Base imbalance:			0.03
Random imbalance:		1
---
Tournament size:		2
---
Mutation rate:			1
---
Use Multiway-VC:		0
Multiway blocks:		64
---
Apply all reductions:		1
Reductions threshold:		350
---
Insert threshold:		150
Pool threshold:			250
---
ILS iterations:			15000
---
No. of partitions:		10
No. of separators:		10
No. of k-partitions:		10
No. of k-separators:		10

block weight upper bound 2380
Partition [Seed: 5488, K: 2]
block weight upper bound 2399
Partition [Seed: 12, K: 2]
block weight upper bound 1738
Partition [Seed: 5337, K: 2]
block weight upper bound 2259
Partition [Seed: 6954, K: 2]
block weight upper bound 2524
Partition [Seed: 6811, K: 2]
block weight upper bound 1774
Partition [Seed: 920, K: 2]
block weight upper bound 2212
Partition [Seed: 6626, K: 2]
block weight upper bound 2371
Partition [Seed: 8369, K: 2]
block weight upper bound 2122
Partition [Seed: 3382, K: 2]
block weight upper bound 1847
Partition [Seed: 9467, K: 2]
block weight upper bound 2208
Separator [Seed: 8589, K: 2, Size: 793]
block weight upper bound 1651
Separator [Seed: 536, K: 2, Size: 1350]
block weight upper bound 1672
Separator [Seed: 2287, K: 2, Size: 1329]
block weight upper bound 2128
Separator [Seed: 7082, K: 2, Size: 873]
block weight upper bound 2390
Separator [Seed: 4457, K: 2, Size: 611]
block weight upper bound 1843
Separator [Seed: 856, K: 2, Size: 1158]
block weight upper bound 1843
Separator [Seed: 6978, K: 2, Size: 1158]
block weight upper bound 1775
Separator [Seed: 1672, K: 2, Size: 1226]
block weight upper bound 2481
Separator [Seed: 4926, K: 2, Size: 520]
block weight upper bound 2530
Separator [Seed: 6066, K: 2, Size: 471]
block weight upper bound 62
Separator [Seed: 6742, K: 57, Size: 2982]
block weight upper bound 136
Separator [Seed: 8520, K: 37, Size: 2978]
block weight upper bound 211
Separator [Seed: 7940, K: 20, Size: 2970]
block weight upper bound 103
Separator [Seed: 1075, K: 46, Size: 2981]
block weight upper bound 329
